2022-07-31 00:49:06.142 [quartzScheduler_Worker-5] INFO  com.hikvision.idatafusion.udps.quartz.CronJob Line:31  - 2022-07-31 00:49:06 Job: 执行任务中...
2022-07-31 00:49:06.140 [quartzScheduler_Worker-4] INFO  com.hikvision.idatafusion.udps.quartz.CronJob Line:31  - 2022-07-31 00:49:06 Job: 执行任务中...
2022-07-31 00:49:06.293 [quartzScheduler_Worker-5] INFO  com.hikvision.idatafusion.udps.quartz.CronJob Line:35  - int i is 1614
2022-07-31 00:49:06.293 [quartzScheduler_Worker-4] INFO  com.hikvision.idatafusion.udps.quartz.CronJob Line:35  - int i is 1615
2022-07-31 00:49:06.295 [quartzScheduler_Worker-5] DEBUG com.hikvision.idatafusion.udps.flow.mapper.InputUserDao.insertIntoUser Line:137 - ==>  Preparing: insert into inputuser (id,name) values ( ?, ? )
2022-07-31 00:49:06.295 [quartzScheduler_Worker-5] DEBUG com.hikvision.idatafusion.udps.flow.mapper.InputUserDao.insertIntoUser Line:137 - ==> Parameters: 1615(Integer), 1615(String)
2022-07-31 00:49:06.312 [quartzScheduler_Worker-4] DEBUG com.hikvision.idatafusion.udps.flow.mapper.InputUserDao.insertIntoUser Line:137 - ==>  Preparing: insert into inputuser (id,name) values ( ?, ? )
2022-07-31 00:49:06.313 [quartzScheduler_Worker-4] DEBUG com.hikvision.idatafusion.udps.flow.mapper.InputUserDao.insertIntoUser Line:137 - ==> Parameters: 1615(Integer), 1615(String)
2022-07-31 00:49:06.314 [quartzScheduler_Worker-5] DEBUG com.hikvision.idatafusion.udps.flow.mapper.InputUserDao.insertIntoUser Line:137 - <==    Updates: 1
2022-07-31 00:49:06.317 [quartzScheduler_Worker-4] DEBUG com.hikvision.idatafusion.udps.flow.mapper.InputUserDao.insertIntoUser Line:137 - <==    Updates: 1
2022-07-31 00:49:08.005 [quartzScheduler_Worker-6] INFO  com.hikvision.idatafusion.udps.quartz.CronJob Line:31  - 2022-07-31 00:49:08 Job: 执行任务中...
2022-07-31 00:49:08.006 [quartzScheduler_Worker-6] INFO  com.hikvision.idatafusion.udps.quartz.CronJob Line:35  - int i is 1616
2022-07-31 00:49:08.007 [quartzScheduler_Worker-6] DEBUG com.hikvision.idatafusion.udps.flow.mapper.InputUserDao.insertIntoUser Line:137 - ==>  Preparing: insert into inputuser (id,name) values ( ?, ? )
2022-07-31 00:49:08.007 [quartzScheduler_Worker-6] DEBUG com.hikvision.idatafusion.udps.flow.mapper.InputUserDao.insertIntoUser Line:137 - ==> Parameters: 1616(Integer), 1616(String)
2022-07-31 00:49:08.011 [quartzScheduler_Worker-6] DEBUG com.hikvision.idatafusion.udps.flow.mapper.InputUserDao.insertIntoUser Line:137 - <==    Updates: 1
2022-07-31 00:49:16.002 [quartzScheduler_Worker-7] INFO  com.hikvision.idatafusion.udps.quartz.CronJob Line:31  - 2022-07-31 00:49:16 Job: 执行任务中...
2022-07-31 00:49:16.003 [quartzScheduler_Worker-7] INFO  com.hikvision.idatafusion.udps.quartz.CronJob Line:35  - int i is 1617
2022-07-31 00:49:16.004 [quartzScheduler_Worker-7] DEBUG com.hikvision.idatafusion.udps.flow.mapper.InputUserDao.insertIntoUser Line:137 - ==>  Preparing: insert into inputuser (id,name) values ( ?, ? )
2022-07-31 00:49:16.005 [quartzScheduler_Worker-7] DEBUG com.hikvision.idatafusion.udps.flow.mapper.InputUserDao.insertIntoUser Line:137 - ==> Parameters: 1617(Integer), 1617(String)
2022-07-31 00:49:16.010 [quartzScheduler_Worker-7] DEBUG com.hikvision.idatafusion.udps.flow.mapper.InputUserDao.insertIntoUser Line:137 - <==    Updates: 1
2022-07-31 00:49:18.617 [HikariPool-1 housekeeper] WARN  com.zaxxer.hikari.pool.HikariPool Line:766 - HikariPool-1 - Thread starvation or clock leap detected (housekeeper delta=3h28s203ms82µs).
2022-07-31 00:49:24.011 [quartzScheduler_Worker-8] INFO  com.hikvision.idatafusion.udps.quartz.CronJob Line:31  - 2022-07-31 00:49:24 Job: 执行任务中...
2022-07-31 00:49:24.011 [quartzScheduler_Worker-8] INFO  com.hikvision.idatafusion.udps.quartz.CronJob Line:35  - int i is 1618
2022-07-31 00:49:24.013 [quartzScheduler_Worker-8] DEBUG com.hikvision.idatafusion.udps.flow.mapper.InputUserDao.insertIntoUser Line:137 - ==>  Preparing: insert into inputuser (id,name) values ( ?, ? )
2022-07-31 00:49:24.013 [quartzScheduler_Worker-8] DEBUG com.hikvision.idatafusion.udps.flow.mapper.InputUserDao.insertIntoUser Line:137 - ==> Parameters: 1618(Integer), 1618(String)
2022-07-31 00:49:24.039 [quartzScheduler_Worker-8] DEBUG com.hikvision.idatafusion.udps.flow.mapper.InputUserDao.insertIntoUser Line:137 - <==    Updates: 1
2022-07-31 11:03:28.326 [quartzScheduler_Worker-9] INFO  com.hikvision.idatafusion.udps.quartz.CronJob Line:31  - 2022-07-31 11:03:28 Job: 执行任务中...
2022-07-31 11:03:28.327 [quartzScheduler_Worker-9] INFO  com.hikvision.idatafusion.udps.quartz.CronJob Line:35  - int i is 1619
2022-07-31 11:03:28.327 [quartzScheduler_Worker-2] INFO  com.hikvision.idatafusion.udps.quartz.CronJob Line:31  - 2022-07-31 11:03:28 Job: 执行任务中...
2022-07-31 11:03:28.327 [quartzScheduler_Worker-2] INFO  com.hikvision.idatafusion.udps.quartz.CronJob Line:35  - int i is 1620
2022-07-31 11:03:28.329 [quartzScheduler_Worker-9] DEBUG com.hikvision.idatafusion.udps.flow.mapper.InputUserDao.insertIntoUser Line:137 - ==>  Preparing: insert into inputuser (id,name) values ( ?, ? )
2022-07-31 11:03:28.332 [quartzScheduler_Worker-9] DEBUG com.hikvision.idatafusion.udps.flow.mapper.InputUserDao.insertIntoUser Line:137 - ==> Parameters: 1619(Integer), 1619(String)
2022-07-31 11:03:28.332 [quartzScheduler_Worker-2] DEBUG com.hikvision.idatafusion.udps.flow.mapper.InputUserDao.insertIntoUser Line:137 - ==>  Preparing: insert into inputuser (id,name) values ( ?, ? )
2022-07-31 11:03:28.332 [quartzScheduler_Worker-2] DEBUG com.hikvision.idatafusion.udps.flow.mapper.InputUserDao.insertIntoUser Line:137 - ==> Parameters: 1620(Integer), 1620(String)
2022-07-31 11:03:28.337 [quartzScheduler_Worker-9] DEBUG com.hikvision.idatafusion.udps.flow.mapper.InputUserDao.insertIntoUser Line:137 - <==    Updates: 1
2022-07-31 11:03:28.342 [quartzScheduler_Worker-2] DEBUG com.hikvision.idatafusion.udps.flow.mapper.InputUserDao.insertIntoUser Line:137 - <==    Updates: 1
2022-07-31 11:03:32.018 [quartzScheduler_Worker-10] INFO  com.hikvision.idatafusion.udps.quartz.CronJob Line:31  - 2022-07-31 11:03:32 Job: 执行任务中...
2022-07-31 11:03:32.019 [quartzScheduler_Worker-10] INFO  com.hikvision.idatafusion.udps.quartz.CronJob Line:35  - int i is 1621
2022-07-31 11:03:32.021 [quartzScheduler_Worker-10] DEBUG com.hikvision.idatafusion.udps.flow.mapper.InputUserDao.insertIntoUser Line:137 - ==>  Preparing: insert into inputuser (id,name) values ( ?, ? )
2022-07-31 11:03:32.021 [quartzScheduler_Worker-10] DEBUG com.hikvision.idatafusion.udps.flow.mapper.InputUserDao.insertIntoUser Line:137 - ==> Parameters: 1621(Integer), 1621(String)
2022-07-31 11:03:32.031 [quartzScheduler_Worker-10] DEBUG com.hikvision.idatafusion.udps.flow.mapper.InputUserDao.insertIntoUser Line:137 - <==    Updates: 1
2022-07-31 11:03:40.004 [quartzScheduler_Worker-1] INFO  com.hikvision.idatafusion.udps.quartz.CronJob Line:31  - 2022-07-31 11:03:40 Job: 执行任务中...
2022-07-31 11:03:40.004 [quartzScheduler_Worker-1] INFO  com.hikvision.idatafusion.udps.quartz.CronJob Line:35  - int i is 1622
2022-07-31 11:03:40.005 [quartzScheduler_Worker-1] DEBUG com.hikvision.idatafusion.udps.flow.mapper.InputUserDao.insertIntoUser Line:137 - ==>  Preparing: insert into inputuser (id,name) values ( ?, ? )
2022-07-31 11:03:40.006 [quartzScheduler_Worker-1] DEBUG com.hikvision.idatafusion.udps.flow.mapper.InputUserDao.insertIntoUser Line:137 - ==> Parameters: 1622(Integer), 1622(String)
2022-07-31 11:03:40.012 [quartzScheduler_Worker-1] DEBUG com.hikvision.idatafusion.udps.flow.mapper.InputUserDao.insertIntoUser Line:137 - <==    Updates: 1
2022-07-31 11:03:44.934 [HikariPool-1 housekeeper] WARN  com.zaxxer.hikari.pool.HikariPool Line:766 - HikariPool-1 - Thread starvation or clock leap detected (housekeeper delta=10h14m35s376ms481µs700ns).
2022-07-31 11:03:48.013 [quartzScheduler_Worker-3] INFO  com.hikvision.idatafusion.udps.quartz.CronJob Line:31  - 2022-07-31 11:03:48 Job: 执行任务中...
2022-07-31 11:03:48.014 [quartzScheduler_Worker-3] INFO  com.hikvision.idatafusion.udps.quartz.CronJob Line:35  - int i is 1623
2022-07-31 11:03:48.016 [quartzScheduler_Worker-3] DEBUG com.hikvision.idatafusion.udps.flow.mapper.InputUserDao.insertIntoUser Line:137 - ==>  Preparing: insert into inputuser (id,name) values ( ?, ? )
2022-07-31 11:03:48.017 [quartzScheduler_Worker-3] DEBUG com.hikvision.idatafusion.udps.flow.mapper.InputUserDao.insertIntoUser Line:137 - ==> Parameters: 1623(Integer), 1623(String)
2022-07-31 11:03:48.022 [quartzScheduler_Worker-3] DEBUG com.hikvision.idatafusion.udps.flow.mapper.InputUserDao.insertIntoUser Line:137 - <==    Updates: 1
2022-07-31 11:03:56.015 [quartzScheduler_Worker-5] INFO  com.hikvision.idatafusion.udps.quartz.CronJob Line:31  - 2022-07-31 11:03:56 Job: 执行任务中...
2022-07-31 11:03:56.015 [quartzScheduler_Worker-5] INFO  com.hikvision.idatafusion.udps.quartz.CronJob Line:35  - int i is 1624
2022-07-31 11:03:56.017 [quartzScheduler_Worker-5] DEBUG com.hikvision.idatafusion.udps.flow.mapper.InputUserDao.insertIntoUser Line:137 - ==>  Preparing: insert into inputuser (id,name) values ( ?, ? )
2022-07-31 11:03:56.017 [quartzScheduler_Worker-5] DEBUG com.hikvision.idatafusion.udps.flow.mapper.InputUserDao.insertIntoUser Line:137 - ==> Parameters: 1624(Integer), 1624(String)
2022-07-31 11:03:56.022 [quartzScheduler_Worker-5] DEBUG com.hikvision.idatafusion.udps.flow.mapper.InputUserDao.insertIntoUser Line:137 - <==    Updates: 1
2022-07-31 11:04:00.012 [quartzScheduler_Worker-4] INFO  com.hikvision.idatafusion.udps.quartz.CronJob Line:31  - 2022-07-31 11:04:00 Job: 执行任务中...
2022-07-31 11:04:00.013 [quartzScheduler_Worker-4] INFO  com.hikvision.idatafusion.udps.quartz.CronJob Line:35  - int i is 1625
2022-07-31 11:04:00.014 [quartzScheduler_Worker-4] DEBUG com.hikvision.idatafusion.udps.flow.mapper.InputUserDao.insertIntoUser Line:137 - ==>  Preparing: insert into inputuser (id,name) values ( ?, ? )
2022-07-31 11:04:00.014 [quartzScheduler_Worker-4] DEBUG com.hikvision.idatafusion.udps.flow.mapper.InputUserDao.insertIntoUser Line:137 - ==> Parameters: 1625(Integer), 1625(String)
2022-07-31 11:04:00.046 [quartzScheduler_Worker-4] DEBUG com.hikvision.idatafusion.udps.flow.mapper.InputUserDao.insertIntoUser Line:137 - <==    Updates: 1
2022-07-31 11:04:08.012 [quartzScheduler_Worker-6] INFO  com.hikvision.idatafusion.udps.quartz.CronJob Line:31  - 2022-07-31 11:04:08 Job: 执行任务中...
2022-07-31 11:04:08.013 [quartzScheduler_Worker-6] INFO  com.hikvision.idatafusion.udps.quartz.CronJob Line:35  - int i is 1626
2022-07-31 11:04:08.013 [quartzScheduler_Worker-6] DEBUG com.hikvision.idatafusion.udps.flow.mapper.InputUserDao.insertIntoUser Line:137 - ==>  Preparing: insert into inputuser (id,name) values ( ?, ? )
2022-07-31 11:04:08.014 [quartzScheduler_Worker-6] DEBUG com.hikvision.idatafusion.udps.flow.mapper.InputUserDao.insertIntoUser Line:137 - ==> Parameters: 1626(Integer), 1626(String)
2022-07-31 11:04:08.045 [quartzScheduler_Worker-6] DEBUG com.hikvision.idatafusion.udps.flow.mapper.InputUserDao.insertIntoUser Line:137 - <==    Updates: 1
2022-07-31 11:04:16.012 [quartzScheduler_Worker-7] INFO  com.hikvision.idatafusion.udps.quartz.CronJob Line:31  - 2022-07-31 11:04:16 Job: 执行任务中...
2022-07-31 11:04:16.012 [quartzScheduler_Worker-7] INFO  com.hikvision.idatafusion.udps.quartz.CronJob Line:35  - int i is 1627
2022-07-31 11:04:16.014 [quartzScheduler_Worker-7] DEBUG com.hikvision.idatafusion.udps.flow.mapper.InputUserDao.insertIntoUser Line:137 - ==>  Preparing: insert into inputuser (id,name) values ( ?, ? )
2022-07-31 11:04:16.014 [quartzScheduler_Worker-7] DEBUG com.hikvision.idatafusion.udps.flow.mapper.InputUserDao.insertIntoUser Line:137 - ==> Parameters: 1627(Integer), 1627(String)
2022-07-31 11:04:16.044 [quartzScheduler_Worker-7] DEBUG com.hikvision.idatafusion.udps.flow.mapper.InputUserDao.insertIntoUser Line:137 - <==    Updates: 1
2022-07-31 11:04:24.012 [quartzScheduler_Worker-8] INFO  com.hikvision.idatafusion.udps.quartz.CronJob Line:31  - 2022-07-31 11:04:24 Job: 执行任务中...
2022-07-31 11:04:24.013 [quartzScheduler_Worker-8] INFO  com.hikvision.idatafusion.udps.quartz.CronJob Line:35  - int i is 1628
2022-07-31 11:04:24.014 [quartzScheduler_Worker-8] DEBUG com.hikvision.idatafusion.udps.flow.mapper.InputUserDao.insertIntoUser Line:137 - ==>  Preparing: insert into inputuser (id,name) values ( ?, ? )
2022-07-31 11:04:24.014 [quartzScheduler_Worker-8] DEBUG com.hikvision.idatafusion.udps.flow.mapper.InputUserDao.insertIntoUser Line:137 - ==> Parameters: 1628(Integer), 1628(String)
2022-07-31 11:04:24.018 [quartzScheduler_Worker-8] DEBUG com.hikvision.idatafusion.udps.flow.mapper.InputUserDao.insertIntoUser Line:137 - <==    Updates: 1
2022-07-31 11:04:32.004 [quartzScheduler_Worker-9] INFO  com.hikvision.idatafusion.udps.quartz.CronJob Line:31  - 2022-07-31 11:04:32 Job: 执行任务中...
2022-07-31 11:04:32.005 [quartzScheduler_Worker-9] INFO  com.hikvision.idatafusion.udps.quartz.CronJob Line:35  - int i is 1629
2022-07-31 11:04:32.005 [quartzScheduler_Worker-9] DEBUG com.hikvision.idatafusion.udps.flow.mapper.InputUserDao.insertIntoUser Line:137 - ==>  Preparing: insert into inputuser (id,name) values ( ?, ? )
2022-07-31 11:04:32.005 [quartzScheduler_Worker-9] DEBUG com.hikvision.idatafusion.udps.flow.mapper.InputUserDao.insertIntoUser Line:137 - ==> Parameters: 1629(Integer), 1629(String)
2022-07-31 11:04:32.038 [quartzScheduler_Worker-9] DEBUG com.hikvision.idatafusion.udps.flow.mapper.InputUserDao.insertIntoUser Line:137 - <==    Updates: 1
2022-07-31 11:58:21.957 [main] INFO  com.hikvision.idatafusion.udps.UdpsApplication Line:50  - Starting UdpsApplication on LAPTOP-QMTI127H with PID 47724 (D:\program\udps\target\classes started by mu in D:\program\udps)
2022-07-31 11:58:21.962 [main] DEBUG com.hikvision.idatafusion.udps.UdpsApplication Line:53  - Running with Spring Boot v2.1.6.RELEASE, Spring v5.1.8.RELEASE
2022-07-31 11:58:21.962 [main] INFO  com.hikvision.idatafusion.udps.UdpsApplication Line:650 - The following profiles are active: logback-file
2022-07-31 11:58:23.577 [main] WARN  org.mybatis.spring.mapper.ClassPathMapperScanner Line:239 - Skipping MapperFactoryBean with name 'inputUserDao' and 'com.hikvision.idatafusion.udps.flow.mapper.InputUserDao' mapperInterface. Bean already defined with the same name!
2022-07-31 11:58:23.578 [main] WARN  org.mybatis.spring.mapper.ClassPathMapperScanner Line:239 - Skipping MapperFactoryBean with name 'storageDao' and 'com.hikvision.idatafusion.udps.flow.mapper.StorageDao' mapperInterface. Bean already defined with the same name!
2022-07-31 11:58:23.579 [main] WARN  org.mybatis.spring.mapper.ClassPathMapperScanner Line:166 - No MyBatis mapper was found in '[com.hikvision.idatafusion.udps]' package. Please check your configuration.
2022-07-31 11:58:24.055 [main] INFO  org.springframework.context.support.PostProcessorRegistrationDelegate$BeanPostProcessorChecker Line:330 - Bean 'org.springframework.transaction.annotation.ProxyTransactionManagementConfiguration' of type [org.springframework.transaction.annotation.ProxyTransactionManagementConfiguration$$EnhancerBySpringCGLIB$$a203968e] is not eligible for getting processed by all BeanPostProcessors (for example: not eligible for auto-proxying)
2022-07-31 11:58:25.234 [main] INFO  org.springframework.boot.web.embedded.tomcat.TomcatWebServer Line:90  - Tomcat initialized with port(s): 14337 (http)
2022-07-31 11:58:25.255 [main] INFO  org.apache.coyote.http11.Http11NioProtocol Line:173 - Initializing ProtocolHandler ["http-nio-14337"]
2022-07-31 11:58:25.270 [main] INFO  org.apache.catalina.core.StandardService Line:173 - Starting service [Tomcat]
2022-07-31 11:58:25.271 [main] INFO  org.apache.catalina.core.StandardEngine Line:173 - Starting Servlet engine: [Apache Tomcat/9.0.21]
2022-07-31 11:58:25.650 [main] INFO  org.apache.catalina.core.ContainerBase.[Tomcat].[localhost].[/udps] Line:173 - Initializing Spring embedded WebApplicationContext
2022-07-31 11:58:25.651 [main] INFO  org.springframework.web.context.ContextLoader Line:283 - Root WebApplicationContext: initialization completed in 3621 ms
2022-07-31 11:58:26.806 [main] INFO  springfox.documentation.spring.web.PropertySourcedRequestMappingHandlerMapping Line:69  - Mapped URL path [/v2/api-docs] onto method [public org.springframework.http.ResponseEntity<springfox.documentation.spring.web.json.Json> springfox.documentation.swagger2.web.Swagger2Controller.getDocumentation(java.lang.String,javax.servlet.http.HttpServletRequest)]
2022-07-31 11:58:27.061 [main] INFO  org.springframework.scheduling.concurrent.ThreadPoolTaskExecutor Line:171 - Initializing ExecutorService 'applicationTaskExecutor'
2022-07-31 11:58:27.222 [main] INFO  tk.mybatis.mapper.autoconfigure.MapperCacheDisabler Line:60  - Clear tk.mybatis.mapper.util.MsUtil CLASS_CACHE cache.
2022-07-31 11:58:27.223 [main] INFO  tk.mybatis.mapper.autoconfigure.MapperCacheDisabler Line:60  - Clear tk.mybatis.mapper.genid.GenIdUtil CACHE cache.
2022-07-31 11:58:27.225 [main] INFO  tk.mybatis.mapper.autoconfigure.MapperCacheDisabler Line:60  - Clear tk.mybatis.mapper.version.VersionUtil CACHE cache.
2022-07-31 11:58:27.228 [main] INFO  tk.mybatis.mapper.autoconfigure.MapperCacheDisabler Line:83  - Clear EntityHelper entityTableMap cache.
2022-07-31 11:58:27.395 [main] INFO  org.flywaydb.core.internal.license.VersionPrinter Line:49  - Flyway Community Edition 5.2.4 by Boxfuse
2022-07-31 11:58:27.416 [main] INFO  com.zaxxer.hikari.HikariDataSource Line:110 - HikariPool-1 - Starting...
2022-07-31 11:58:27.425 [main] WARN  com.zaxxer.hikari.util.DriverDataSource Line:68  - Registered driver with driverClassName=com.mysql.jdbc.Driver was not found, trying direct instantiation.
2022-07-31 11:58:28.704 [main] INFO  com.zaxxer.hikari.HikariDataSource Line:123 - HikariPool-1 - Start completed.
2022-07-31 11:58:28.709 [main] INFO  org.flywaydb.core.internal.database.DatabaseFactory Line:49  - Database: jdbc:mysql://localhost:3306/mujunpeng (MySQL 8.0)
2022-07-31 11:58:28.889 [main] INFO  org.flywaydb.core.internal.command.DbValidate Line:49  - Successfully validated 2 migrations (execution time 00:00.041s)
2022-07-31 11:58:28.919 [main] INFO  org.flywaydb.core.internal.command.DbMigrate Line:49  - Current version of schema `mujunpeng`: 1.1
2022-07-31 11:58:28.921 [main] INFO  org.flywaydb.core.internal.command.DbMigrate Line:49  - Schema `mujunpeng` is up to date. No migration necessary.
2022-07-31 11:58:29.135 [main] INFO  org.quartz.impl.StdSchedulerFactory Line:1208 - Using default implementation for ThreadExecutor
2022-07-31 11:58:29.169 [main] INFO  org.quartz.core.SchedulerSignalerImpl Line:61  - Initialized Scheduler Signaller of type: class org.quartz.core.SchedulerSignalerImpl
2022-07-31 11:58:29.170 [main] INFO  org.quartz.core.QuartzScheduler Line:229 - Quartz Scheduler v.2.3.1 created.
2022-07-31 11:58:29.172 [main] INFO  org.quartz.simpl.RAMJobStore Line:155 - RAMJobStore initialized.
2022-07-31 11:58:29.174 [main] INFO  org.quartz.core.QuartzScheduler Line:294 - Scheduler meta-data: Quartz Scheduler (v2.3.1) 'quartzScheduler' with instanceId 'NON_CLUSTERED'
  Scheduler class: 'org.quartz.core.QuartzScheduler' - running locally.
  NOT STARTED.
  Currently in standby mode.
  Number of jobs executed: 0
  Using thread pool 'org.quartz.simpl.SimpleThreadPool' - with 10 threads.
  Using job-store 'org.quartz.simpl.RAMJobStore' - which does not support persistence. and is not clustered.

2022-07-31 11:58:29.175 [main] INFO  org.quartz.impl.StdSchedulerFactory Line:1362 - Quartz scheduler 'quartzScheduler' initialized from an externally provided properties instance.
2022-07-31 11:58:29.175 [main] INFO  org.quartz.impl.StdSchedulerFactory Line:1366 - Quartz scheduler version: 2.3.1
2022-07-31 11:58:29.176 [main] INFO  org.quartz.core.QuartzScheduler Line:2293 - JobFactory set to: org.springframework.scheduling.quartz.SpringBeanJobFactory@20d19f2c
2022-07-31 11:58:29.267 [main] INFO  springfox.documentation.spring.web.plugins.DocumentationPluginsBootstrapper Line:147 - Context refreshed
2022-07-31 11:58:29.320 [main] INFO  springfox.documentation.spring.web.plugins.DocumentationPluginsBootstrapper Line:150 - Found 1 custom documentation plugin(s)
2022-07-31 11:58:29.382 [main] INFO  springfox.documentation.spring.web.scanners.ApiListingReferenceScanner Line:41  - Scanning for api listing references
2022-07-31 11:58:29.717 [main] INFO  org.springframework.scheduling.quartz.SchedulerFactoryBean Line:726 - Starting Quartz Scheduler now
2022-07-31 11:58:29.718 [main] INFO  org.quartz.core.QuartzScheduler Line:547 - Scheduler quartzScheduler_$_NON_CLUSTERED started.
2022-07-31 11:58:29.727 [main] INFO  org.apache.coyote.http11.Http11NioProtocol Line:173 - Starting ProtocolHandler ["http-nio-14337"]
2022-07-31 11:58:29.759 [main] INFO  org.springframework.boot.web.embedded.tomcat.TomcatWebServer Line:202 - Tomcat started on port(s): 14337 (http) with context path '/udps'
2022-07-31 11:58:29.763 [main] INFO  com.hikvision.idatafusion.udps.UdpsApplication Line:59  - Started UdpsApplication in 8.646 seconds (JVM running for 9.957)
2022-07-31 11:58:29.765 [main] INFO  com.hikvision.idatafusion.udps.flow.listener.UdpsStartedListener Line:38  - udpstarted listener
2022-07-31 11:58:29.766 [main] INFO  com.hikvision.idatafusion.udps.flow.listener.CreateFileListener Line:22  - start create file listener
2022-07-31 11:58:29.769 [pool-5-thread-1] INFO  com.hikvision.idatafusion.udps.flow.service.impl.CreateFileImplement Line:55  - create path is D:\program\udps
2022-07-31 11:58:32.021 [quartzScheduler_Worker-1] INFO  com.hikvision.idatafusion.udps.quartz.CronJob Line:31  - 2022-07-31 11:58:32 Job: 执行任务中...
2022-07-31 11:58:32.022 [quartzScheduler_Worker-1] INFO  com.hikvision.idatafusion.udps.quartz.CronJob Line:35  - int i is 1
2022-07-31 11:58:32.092 [quartzScheduler_Worker-1] DEBUG com.hikvision.idatafusion.udps.flow.mapper.InputUserDao.insertIntoUser Line:137 - ==>  Preparing: insert into inputuser (id,name) values ( ?, ? )
2022-07-31 11:58:32.104 [quartzScheduler_Worker-1] DEBUG com.hikvision.idatafusion.udps.flow.mapper.InputUserDao.insertIntoUser Line:137 - ==> Parameters: 1(Integer), 1(String)
2022-07-31 11:58:32.112 [quartzScheduler_Worker-1] DEBUG com.hikvision.idatafusion.udps.flow.mapper.InputUserDao.insertIntoUser Line:137 - <==    Updates: 1
2022-07-31 11:58:37.315 [http-nio-14337-exec-1] INFO  org.apache.catalina.core.ContainerBase.[Tomcat].[localhost].[/udps] Line:173 - Initializing Spring DispatcherServlet 'dispatcherServlet'
2022-07-31 11:58:37.315 [http-nio-14337-exec-1] INFO  org.springframework.web.servlet.DispatcherServlet Line:524 - Initializing Servlet 'dispatcherServlet'
2022-07-31 11:58:37.329 [http-nio-14337-exec-1] INFO  org.springframework.web.servlet.DispatcherServlet Line:546 - Completed initialization in 13 ms
2022-07-31 11:58:40.008 [quartzScheduler_Worker-2] INFO  com.hikvision.idatafusion.udps.quartz.CronJob Line:31  - 2022-07-31 11:58:40 Job: 执行任务中...
2022-07-31 11:58:40.009 [quartzScheduler_Worker-2] INFO  com.hikvision.idatafusion.udps.quartz.CronJob Line:35  - int i is 2
2022-07-31 11:58:40.011 [quartzScheduler_Worker-2] DEBUG com.hikvision.idatafusion.udps.flow.mapper.InputUserDao.insertIntoUser Line:137 - ==>  Preparing: insert into inputuser (id,name) values ( ?, ? )
2022-07-31 11:58:40.013 [quartzScheduler_Worker-2] DEBUG com.hikvision.idatafusion.udps.flow.mapper.InputUserDao.insertIntoUser Line:137 - ==> Parameters: 2(Integer), 2(String)
2022-07-31 11:58:40.020 [quartzScheduler_Worker-2] DEBUG com.hikvision.idatafusion.udps.flow.mapper.InputUserDao.insertIntoUser Line:137 - <==    Updates: 1
2022-07-31 11:58:48.001 [quartzScheduler_Worker-3] INFO  com.hikvision.idatafusion.udps.quartz.CronJob Line:31  - 2022-07-31 11:58:48 Job: 执行任务中...
2022-07-31 11:58:48.002 [quartzScheduler_Worker-3] INFO  com.hikvision.idatafusion.udps.quartz.CronJob Line:35  - int i is 3
2022-07-31 11:58:48.003 [quartzScheduler_Worker-3] DEBUG com.hikvision.idatafusion.udps.flow.mapper.InputUserDao.insertIntoUser Line:137 - ==>  Preparing: insert into inputuser (id,name) values ( ?, ? )
2022-07-31 11:58:48.005 [quartzScheduler_Worker-3] DEBUG com.hikvision.idatafusion.udps.flow.mapper.InputUserDao.insertIntoUser Line:137 - ==> Parameters: 3(Integer), 3(String)
2022-07-31 11:58:48.011 [quartzScheduler_Worker-3] DEBUG com.hikvision.idatafusion.udps.flow.mapper.InputUserDao.insertIntoUser Line:137 - <==    Updates: 1
2022-07-31 11:58:49.227 [http-nio-14337-exec-5] INFO  com.hikvision.idatafusion.udps.flow.controller.FlowController Line:130 - input calculation is 2
2022-07-31 11:58:56.011 [quartzScheduler_Worker-4] INFO  com.hikvision.idatafusion.udps.quartz.CronJob Line:31  - 2022-07-31 11:58:56 Job: 执行任务中...
2022-07-31 11:58:56.012 [quartzScheduler_Worker-4] INFO  com.hikvision.idatafusion.udps.quartz.CronJob Line:35  - int i is 4
2022-07-31 11:58:56.013 [quartzScheduler_Worker-4] DEBUG com.hikvision.idatafusion.udps.flow.mapper.InputUserDao.insertIntoUser Line:137 - ==>  Preparing: insert into inputuser (id,name) values ( ?, ? )
2022-07-31 11:58:56.014 [quartzScheduler_Worker-4] DEBUG com.hikvision.idatafusion.udps.flow.mapper.InputUserDao.insertIntoUser Line:137 - ==> Parameters: 4(Integer), 4(String)
2022-07-31 11:58:56.019 [quartzScheduler_Worker-4] DEBUG com.hikvision.idatafusion.udps.flow.mapper.InputUserDao.insertIntoUser Line:137 - <==    Updates: 1
2022-07-31 11:59:00.008 [quartzScheduler_Worker-5] INFO  com.hikvision.idatafusion.udps.quartz.CronJob Line:31  - 2022-07-31 11:59:00 Job: 执行任务中...
2022-07-31 11:59:00.009 [quartzScheduler_Worker-5] INFO  com.hikvision.idatafusion.udps.quartz.CronJob Line:35  - int i is 5
2022-07-31 11:59:00.013 [quartzScheduler_Worker-5] DEBUG com.hikvision.idatafusion.udps.flow.mapper.InputUserDao.insertIntoUser Line:137 - ==>  Preparing: insert into inputuser (id,name) values ( ?, ? )
2022-07-31 11:59:00.015 [quartzScheduler_Worker-5] DEBUG com.hikvision.idatafusion.udps.flow.mapper.InputUserDao.insertIntoUser Line:137 - ==> Parameters: 5(Integer), 5(String)
2022-07-31 11:59:00.033 [quartzScheduler_Worker-5] DEBUG com.hikvision.idatafusion.udps.flow.mapper.InputUserDao.insertIntoUser Line:137 - <==    Updates: 1
2022-07-31 11:59:08.010 [quartzScheduler_Worker-6] INFO  com.hikvision.idatafusion.udps.quartz.CronJob Line:31  - 2022-07-31 11:59:08 Job: 执行任务中...
2022-07-31 11:59:08.010 [quartzScheduler_Worker-6] INFO  com.hikvision.idatafusion.udps.quartz.CronJob Line:35  - int i is 6
2022-07-31 11:59:08.012 [quartzScheduler_Worker-6] DEBUG com.hikvision.idatafusion.udps.flow.mapper.InputUserDao.insertIntoUser Line:137 - ==>  Preparing: insert into inputuser (id,name) values ( ?, ? )
2022-07-31 11:59:08.012 [quartzScheduler_Worker-6] DEBUG com.hikvision.idatafusion.udps.flow.mapper.InputUserDao.insertIntoUser Line:137 - ==> Parameters: 6(Integer), 6(String)
2022-07-31 11:59:08.044 [quartzScheduler_Worker-6] DEBUG com.hikvision.idatafusion.udps.flow.mapper.InputUserDao.insertIntoUser Line:137 - <==    Updates: 1
2022-07-31 12:01:01.723 [main] INFO  com.hikvision.idatafusion.udps.UdpsApplication Line:50  - Starting UdpsApplication on LAPTOP-QMTI127H with PID 32268 (D:\program\udps\target\classes started by mu in D:\program\udps)
2022-07-31 12:01:01.730 [main] DEBUG com.hikvision.idatafusion.udps.UdpsApplication Line:53  - Running with Spring Boot v2.1.6.RELEASE, Spring v5.1.8.RELEASE
2022-07-31 12:01:01.730 [main] INFO  com.hikvision.idatafusion.udps.UdpsApplication Line:650 - The following profiles are active: logback-file
2022-07-31 12:01:03.013 [main] WARN  org.mybatis.spring.mapper.ClassPathMapperScanner Line:239 - Skipping MapperFactoryBean with name 'inputUserDao' and 'com.hikvision.idatafusion.udps.flow.mapper.InputUserDao' mapperInterface. Bean already defined with the same name!
2022-07-31 12:01:03.014 [main] WARN  org.mybatis.spring.mapper.ClassPathMapperScanner Line:239 - Skipping MapperFactoryBean with name 'storageDao' and 'com.hikvision.idatafusion.udps.flow.mapper.StorageDao' mapperInterface. Bean already defined with the same name!
2022-07-31 12:01:03.014 [main] WARN  org.mybatis.spring.mapper.ClassPathMapperScanner Line:166 - No MyBatis mapper was found in '[com.hikvision.idatafusion.udps]' package. Please check your configuration.
2022-07-31 12:01:03.452 [main] INFO  org.springframework.context.support.PostProcessorRegistrationDelegate$BeanPostProcessorChecker Line:330 - Bean 'org.springframework.transaction.annotation.ProxyTransactionManagementConfiguration' of type [org.springframework.transaction.annotation.ProxyTransactionManagementConfiguration$$EnhancerBySpringCGLIB$$fce16275] is not eligible for getting processed by all BeanPostProcessors (for example: not eligible for auto-proxying)
2022-07-31 12:01:04.546 [main] INFO  org.springframework.boot.web.embedded.tomcat.TomcatWebServer Line:90  - Tomcat initialized with port(s): 14337 (http)
2022-07-31 12:01:04.569 [main] INFO  org.apache.coyote.http11.Http11NioProtocol Line:173 - Initializing ProtocolHandler ["http-nio-14337"]
2022-07-31 12:01:04.587 [main] INFO  org.apache.catalina.core.StandardService Line:173 - Starting service [Tomcat]
2022-07-31 12:01:04.587 [main] INFO  org.apache.catalina.core.StandardEngine Line:173 - Starting Servlet engine: [Apache Tomcat/9.0.21]
2022-07-31 12:01:04.921 [main] INFO  org.apache.catalina.core.ContainerBase.[Tomcat].[localhost].[/udps] Line:173 - Initializing Spring embedded WebApplicationContext
2022-07-31 12:01:04.921 [main] INFO  org.springframework.web.context.ContextLoader Line:283 - Root WebApplicationContext: initialization completed in 3128 ms
2022-07-31 12:01:05.994 [main] INFO  springfox.documentation.spring.web.PropertySourcedRequestMappingHandlerMapping Line:69  - Mapped URL path [/v2/api-docs] onto method [public org.springframework.http.ResponseEntity<springfox.documentation.spring.web.json.Json> springfox.documentation.swagger2.web.Swagger2Controller.getDocumentation(java.lang.String,javax.servlet.http.HttpServletRequest)]
2022-07-31 12:01:06.218 [main] INFO  org.springframework.scheduling.concurrent.ThreadPoolTaskExecutor Line:171 - Initializing ExecutorService 'applicationTaskExecutor'
2022-07-31 12:01:06.389 [main] INFO  tk.mybatis.mapper.autoconfigure.MapperCacheDisabler Line:60  - Clear tk.mybatis.mapper.util.MsUtil CLASS_CACHE cache.
2022-07-31 12:01:06.391 [main] INFO  tk.mybatis.mapper.autoconfigure.MapperCacheDisabler Line:60  - Clear tk.mybatis.mapper.genid.GenIdUtil CACHE cache.
2022-07-31 12:01:06.393 [main] INFO  tk.mybatis.mapper.autoconfigure.MapperCacheDisabler Line:60  - Clear tk.mybatis.mapper.version.VersionUtil CACHE cache.
2022-07-31 12:01:06.396 [main] INFO  tk.mybatis.mapper.autoconfigure.MapperCacheDisabler Line:83  - Clear EntityHelper entityTableMap cache.
2022-07-31 12:01:06.572 [main] INFO  org.flywaydb.core.internal.license.VersionPrinter Line:49  - Flyway Community Edition 5.2.4 by Boxfuse
2022-07-31 12:01:06.588 [main] INFO  com.zaxxer.hikari.HikariDataSource Line:110 - HikariPool-1 - Starting...
2022-07-31 12:01:06.595 [main] WARN  com.zaxxer.hikari.util.DriverDataSource Line:68  - Registered driver with driverClassName=com.mysql.jdbc.Driver was not found, trying direct instantiation.
2022-07-31 12:01:07.845 [main] INFO  com.zaxxer.hikari.HikariDataSource Line:123 - HikariPool-1 - Start completed.
2022-07-31 12:01:07.852 [main] INFO  org.flywaydb.core.internal.database.DatabaseFactory Line:49  - Database: jdbc:mysql://localhost:3306/mujunpeng (MySQL 8.0)
2022-07-31 12:01:07.981 [main] INFO  org.flywaydb.core.internal.command.DbValidate Line:49  - Successfully validated 2 migrations (execution time 00:00.049s)
2022-07-31 12:01:08.011 [main] INFO  org.flywaydb.core.internal.command.DbMigrate Line:49  - Current version of schema `mujunpeng`: 1.1
2022-07-31 12:01:08.012 [main] INFO  org.flywaydb.core.internal.command.DbMigrate Line:49  - Schema `mujunpeng` is up to date. No migration necessary.
2022-07-31 12:01:08.272 [main] INFO  org.quartz.impl.StdSchedulerFactory Line:1208 - Using default implementation for ThreadExecutor
2022-07-31 12:01:08.298 [main] INFO  org.quartz.core.SchedulerSignalerImpl Line:61  - Initialized Scheduler Signaller of type: class org.quartz.core.SchedulerSignalerImpl
2022-07-31 12:01:08.298 [main] INFO  org.quartz.core.QuartzScheduler Line:229 - Quartz Scheduler v.2.3.1 created.
2022-07-31 12:01:08.300 [main] INFO  org.quartz.simpl.RAMJobStore Line:155 - RAMJobStore initialized.
2022-07-31 12:01:08.301 [main] INFO  org.quartz.core.QuartzScheduler Line:294 - Scheduler meta-data: Quartz Scheduler (v2.3.1) 'quartzScheduler' with instanceId 'NON_CLUSTERED'
  Scheduler class: 'org.quartz.core.QuartzScheduler' - running locally.
  NOT STARTED.
  Currently in standby mode.
  Number of jobs executed: 0
  Using thread pool 'org.quartz.simpl.SimpleThreadPool' - with 10 threads.
  Using job-store 'org.quartz.simpl.RAMJobStore' - which does not support persistence. and is not clustered.

2022-07-31 12:01:08.302 [main] INFO  org.quartz.impl.StdSchedulerFactory Line:1362 - Quartz scheduler 'quartzScheduler' initialized from an externally provided properties instance.
2022-07-31 12:01:08.303 [main] INFO  org.quartz.impl.StdSchedulerFactory Line:1366 - Quartz scheduler version: 2.3.1
2022-07-31 12:01:08.303 [main] INFO  org.quartz.core.QuartzScheduler Line:2293 - JobFactory set to: org.springframework.scheduling.quartz.SpringBeanJobFactory@7197b07f
2022-07-31 12:01:08.401 [main] INFO  springfox.documentation.spring.web.plugins.DocumentationPluginsBootstrapper Line:147 - Context refreshed
2022-07-31 12:01:08.450 [main] INFO  springfox.documentation.spring.web.plugins.DocumentationPluginsBootstrapper Line:150 - Found 1 custom documentation plugin(s)
2022-07-31 12:01:08.505 [main] INFO  springfox.documentation.spring.web.scanners.ApiListingReferenceScanner Line:41  - Scanning for api listing references
2022-07-31 12:01:08.821 [main] INFO  org.springframework.scheduling.quartz.SchedulerFactoryBean Line:726 - Starting Quartz Scheduler now
2022-07-31 12:01:08.821 [main] INFO  org.quartz.core.QuartzScheduler Line:547 - Scheduler quartzScheduler_$_NON_CLUSTERED started.
2022-07-31 12:01:08.835 [main] INFO  org.apache.coyote.http11.Http11NioProtocol Line:173 - Starting ProtocolHandler ["http-nio-14337"]
2022-07-31 12:01:08.840 [quartzScheduler_Worker-1] INFO  com.hikvision.idatafusion.udps.quartz.CronJob Line:31  - 2022-07-31 12:01:08 Job: 执行任务中...
2022-07-31 12:01:08.841 [quartzScheduler_Worker-1] INFO  com.hikvision.idatafusion.udps.quartz.CronJob Line:35  - int i is 1
2022-07-31 12:01:08.870 [main] INFO  org.springframework.boot.web.embedded.tomcat.TomcatWebServer Line:202 - Tomcat started on port(s): 14337 (http) with context path '/udps'
2022-07-31 12:01:08.875 [main] INFO  com.hikvision.idatafusion.udps.UdpsApplication Line:59  - Started UdpsApplication in 7.888 seconds (JVM running for 9.163)
2022-07-31 12:01:08.876 [main] INFO  com.hikvision.idatafusion.udps.flow.listener.UdpsStartedListener Line:38  - udpstarted listener
2022-07-31 12:01:08.877 [main] INFO  com.hikvision.idatafusion.udps.flow.listener.CreateFileListener Line:22  - start create file listener
2022-07-31 12:01:08.880 [pool-5-thread-1] INFO  com.hikvision.idatafusion.udps.flow.service.impl.CreateFileImplement Line:55  - create path is D:\program\udps
2022-07-31 12:01:08.899 [quartzScheduler_Worker-1] DEBUG com.hikvision.idatafusion.udps.flow.mapper.InputUserDao.insertIntoUser Line:137 - ==>  Preparing: insert into inputuser (id,name) values ( ?, ? )
2022-07-31 12:01:08.909 [quartzScheduler_Worker-1] DEBUG com.hikvision.idatafusion.udps.flow.mapper.InputUserDao.insertIntoUser Line:137 - ==> Parameters: 1(Integer), 1(String)
2022-07-31 12:01:08.942 [quartzScheduler_Worker-1] DEBUG com.hikvision.idatafusion.udps.flow.mapper.InputUserDao.insertIntoUser Line:137 - <==    Updates: 1
2022-07-31 12:01:16.009 [quartzScheduler_Worker-2] INFO  com.hikvision.idatafusion.udps.quartz.CronJob Line:31  - 2022-07-31 12:01:16 Job: 执行任务中...
2022-07-31 12:01:16.010 [quartzScheduler_Worker-2] INFO  com.hikvision.idatafusion.udps.quartz.CronJob Line:35  - int i is 2
2022-07-31 12:01:16.011 [quartzScheduler_Worker-2] DEBUG com.hikvision.idatafusion.udps.flow.mapper.InputUserDao.insertIntoUser Line:137 - ==>  Preparing: insert into inputuser (id,name) values ( ?, ? )
2022-07-31 12:01:16.012 [quartzScheduler_Worker-2] DEBUG com.hikvision.idatafusion.udps.flow.mapper.InputUserDao.insertIntoUser Line:137 - ==> Parameters: 2(Integer), 2(String)
2022-07-31 12:01:16.045 [quartzScheduler_Worker-2] DEBUG com.hikvision.idatafusion.udps.flow.mapper.InputUserDao.insertIntoUser Line:137 - <==    Updates: 1
2022-07-31 12:01:24.007 [quartzScheduler_Worker-3] INFO  com.hikvision.idatafusion.udps.quartz.CronJob Line:31  - 2022-07-31 12:01:24 Job: 执行任务中...
2022-07-31 12:01:24.008 [quartzScheduler_Worker-3] INFO  com.hikvision.idatafusion.udps.quartz.CronJob Line:35  - int i is 3
2022-07-31 12:01:24.010 [quartzScheduler_Worker-3] DEBUG com.hikvision.idatafusion.udps.flow.mapper.InputUserDao.insertIntoUser Line:137 - ==>  Preparing: insert into inputuser (id,name) values ( ?, ? )
2022-07-31 12:01:24.011 [quartzScheduler_Worker-3] DEBUG com.hikvision.idatafusion.udps.flow.mapper.InputUserDao.insertIntoUser Line:137 - ==> Parameters: 3(Integer), 3(String)
2022-07-31 12:01:24.043 [quartzScheduler_Worker-3] DEBUG com.hikvision.idatafusion.udps.flow.mapper.InputUserDao.insertIntoUser Line:137 - <==    Updates: 1
2022-07-31 12:01:32.006 [quartzScheduler_Worker-4] INFO  com.hikvision.idatafusion.udps.quartz.CronJob Line:31  - 2022-07-31 12:01:32 Job: 执行任务中...
2022-07-31 12:01:32.006 [quartzScheduler_Worker-4] INFO  com.hikvision.idatafusion.udps.quartz.CronJob Line:35  - int i is 4
2022-07-31 12:01:32.008 [quartzScheduler_Worker-4] DEBUG com.hikvision.idatafusion.udps.flow.mapper.InputUserDao.insertIntoUser Line:137 - ==>  Preparing: insert into inputuser (id,name) values ( ?, ? )
2022-07-31 12:01:32.009 [quartzScheduler_Worker-4] DEBUG com.hikvision.idatafusion.udps.flow.mapper.InputUserDao.insertIntoUser Line:137 - ==> Parameters: 4(Integer), 4(String)
2022-07-31 12:01:32.042 [quartzScheduler_Worker-4] DEBUG com.hikvision.idatafusion.udps.flow.mapper.InputUserDao.insertIntoUser Line:137 - <==    Updates: 1
2022-07-31 12:01:32.286 [http-nio-14337-exec-1] INFO  org.apache.catalina.core.ContainerBase.[Tomcat].[localhost].[/udps] Line:173 - Initializing Spring DispatcherServlet 'dispatcherServlet'
2022-07-31 12:01:32.286 [http-nio-14337-exec-1] INFO  org.springframework.web.servlet.DispatcherServlet Line:524 - Initializing Servlet 'dispatcherServlet'
2022-07-31 12:01:32.299 [http-nio-14337-exec-1] INFO  org.springframework.web.servlet.DispatcherServlet Line:546 - Completed initialization in 12 ms
2022-07-31 12:01:32.357 [http-nio-14337-exec-1] INFO  com.hikvision.idatafusion.udps.flow.controller.FlowController Line:130 - input calculation is 2
2022-07-31 12:01:32.358 [http-nio-14337-exec-1] INFO  com.hikvision.idatafusion.udps.flow.controller.FlowController Line:137 - output calculation result is 8
2022-07-31 12:01:40.011 [quartzScheduler_Worker-5] INFO  com.hikvision.idatafusion.udps.quartz.CronJob Line:31  - 2022-07-31 12:01:40 Job: 执行任务中...
2022-07-31 12:01:40.011 [quartzScheduler_Worker-5] INFO  com.hikvision.idatafusion.udps.quartz.CronJob Line:35  - int i is 5
2022-07-31 12:01:40.013 [quartzScheduler_Worker-5] DEBUG com.hikvision.idatafusion.udps.flow.mapper.InputUserDao.insertIntoUser Line:137 - ==>  Preparing: insert into inputuser (id,name) values ( ?, ? )
2022-07-31 12:01:40.014 [quartzScheduler_Worker-5] DEBUG com.hikvision.idatafusion.udps.flow.mapper.InputUserDao.insertIntoUser Line:137 - ==> Parameters: 5(Integer), 5(String)
2022-07-31 12:01:40.019 [quartzScheduler_Worker-5] DEBUG com.hikvision.idatafusion.udps.flow.mapper.InputUserDao.insertIntoUser Line:137 - <==    Updates: 1
2022-07-31 12:01:41.675 [http-nio-14337-exec-2] INFO  com.hikvision.idatafusion.udps.flow.controller.FlowController Line:130 - input calculation is 2
2022-07-31 12:01:41.676 [http-nio-14337-exec-2] INFO  com.hikvision.idatafusion.udps.flow.controller.FlowController Line:137 - output calculation result is 8
2022-07-31 12:01:48.016 [quartzScheduler_Worker-6] INFO  com.hikvision.idatafusion.udps.quartz.CronJob Line:31  - 2022-07-31 12:01:48 Job: 执行任务中...
2022-07-31 12:01:48.016 [quartzScheduler_Worker-6] INFO  com.hikvision.idatafusion.udps.quartz.CronJob Line:35  - int i is 6
2022-07-31 12:01:48.018 [quartzScheduler_Worker-6] DEBUG com.hikvision.idatafusion.udps.flow.mapper.InputUserDao.insertIntoUser Line:137 - ==>  Preparing: insert into inputuser (id,name) values ( ?, ? )
2022-07-31 12:01:48.019 [quartzScheduler_Worker-6] DEBUG com.hikvision.idatafusion.udps.flow.mapper.InputUserDao.insertIntoUser Line:137 - ==> Parameters: 6(Integer), 6(String)
2022-07-31 12:01:48.052 [quartzScheduler_Worker-6] DEBUG com.hikvision.idatafusion.udps.flow.mapper.InputUserDao.insertIntoUser Line:137 - <==    Updates: 1
2022-07-31 12:01:56.013 [quartzScheduler_Worker-7] INFO  com.hikvision.idatafusion.udps.quartz.CronJob Line:31  - 2022-07-31 12:01:56 Job: 执行任务中...
2022-07-31 12:01:56.013 [quartzScheduler_Worker-7] INFO  com.hikvision.idatafusion.udps.quartz.CronJob Line:35  - int i is 7
2022-07-31 12:01:56.015 [quartzScheduler_Worker-7] DEBUG com.hikvision.idatafusion.udps.flow.mapper.InputUserDao.insertIntoUser Line:137 - ==>  Preparing: insert into inputuser (id,name) values ( ?, ? )
2022-07-31 12:01:56.016 [quartzScheduler_Worker-7] DEBUG com.hikvision.idatafusion.udps.flow.mapper.InputUserDao.insertIntoUser Line:137 - ==> Parameters: 7(Integer), 7(String)
2022-07-31 12:01:56.048 [quartzScheduler_Worker-7] DEBUG com.hikvision.idatafusion.udps.flow.mapper.InputUserDao.insertIntoUser Line:137 - <==    Updates: 1
2022-07-31 12:02:00.005 [quartzScheduler_Worker-8] INFO  com.hikvision.idatafusion.udps.quartz.CronJob Line:31  - 2022-07-31 12:02:00 Job: 执行任务中...
2022-07-31 12:02:00.006 [quartzScheduler_Worker-8] INFO  com.hikvision.idatafusion.udps.quartz.CronJob Line:35  - int i is 8
2022-07-31 12:02:00.008 [quartzScheduler_Worker-8] DEBUG com.hikvision.idatafusion.udps.flow.mapper.InputUserDao.insertIntoUser Line:137 - ==>  Preparing: insert into inputuser (id,name) values ( ?, ? )
2022-07-31 12:02:00.009 [quartzScheduler_Worker-8] DEBUG com.hikvision.idatafusion.udps.flow.mapper.InputUserDao.insertIntoUser Line:137 - ==> Parameters: 8(Integer), 8(String)
2022-07-31 12:02:00.042 [quartzScheduler_Worker-8] DEBUG com.hikvision.idatafusion.udps.flow.mapper.InputUserDao.insertIntoUser Line:137 - <==    Updates: 1
2022-07-31 12:02:08.015 [quartzScheduler_Worker-9] INFO  com.hikvision.idatafusion.udps.quartz.CronJob Line:31  - 2022-07-31 12:02:08 Job: 执行任务中...
2022-07-31 12:02:08.015 [quartzScheduler_Worker-9] INFO  com.hikvision.idatafusion.udps.quartz.CronJob Line:35  - int i is 9
2022-07-31 12:02:08.017 [quartzScheduler_Worker-9] DEBUG com.hikvision.idatafusion.udps.flow.mapper.InputUserDao.insertIntoUser Line:137 - ==>  Preparing: insert into inputuser (id,name) values ( ?, ? )
2022-07-31 12:02:08.019 [quartzScheduler_Worker-9] DEBUG com.hikvision.idatafusion.udps.flow.mapper.InputUserDao.insertIntoUser Line:137 - ==> Parameters: 9(Integer), 9(String)
2022-07-31 12:02:08.051 [quartzScheduler_Worker-9] DEBUG com.hikvision.idatafusion.udps.flow.mapper.InputUserDao.insertIntoUser Line:137 - <==    Updates: 1
2022-07-31 12:02:16.003 [quartzScheduler_Worker-10] INFO  com.hikvision.idatafusion.udps.quartz.CronJob Line:31  - 2022-07-31 12:02:16 Job: 执行任务中...
2022-07-31 12:02:16.003 [quartzScheduler_Worker-10] INFO  com.hikvision.idatafusion.udps.quartz.CronJob Line:35  - int i is 10
2022-07-31 12:02:16.005 [quartzScheduler_Worker-10] DEBUG com.hikvision.idatafusion.udps.flow.mapper.InputUserDao.insertIntoUser Line:137 - ==>  Preparing: insert into inputuser (id,name) values ( ?, ? )
2022-07-31 12:02:16.005 [quartzScheduler_Worker-10] DEBUG com.hikvision.idatafusion.udps.flow.mapper.InputUserDao.insertIntoUser Line:137 - ==> Parameters: 10(Integer), 10(String)
2022-07-31 12:02:16.011 [quartzScheduler_Worker-10] DEBUG com.hikvision.idatafusion.udps.flow.mapper.InputUserDao.insertIntoUser Line:137 - <==    Updates: 1
