2022-08-02 01:27:53.082 [HikariPool-1 housekeeper] WARN  com.zaxxer.hikari.pool.HikariPool Line:766 - HikariPool-1 - Thread starvation or clock leap detected (housekeeper delta=3h28s523ms133µs500ns).
2022-08-02 09:12:42.174 [HikariPool-1 housekeeper] WARN  com.zaxxer.hikari.pool.HikariPool Line:766 - HikariPool-1 - Thread starvation or clock leap detected (housekeeper delta=7h45m328ms925µs100ns).
2022-08-02 13:56:51.213 [HikariPool-1 housekeeper] WARN  com.zaxxer.hikari.pool.HikariPool Line:766 - HikariPool-1 - Thread starvation or clock leap detected (housekeeper delta=58m35s353ms657µs700ns).
2022-08-02 17:35:08.935 [main] WARN  org.mybatis.spring.mapper.ClassPathMapperScanner Line:239 - Skipping MapperFactoryBean with name 'inputUserDao' and 'com.hikvision.idatafusion.udps.flow.mapper.InputUserDao' mapperInterface. Bean already defined with the same name!
2022-08-02 17:35:08.936 [main] WARN  org.mybatis.spring.mapper.ClassPathMapperScanner Line:239 - Skipping MapperFactoryBean with name 'storageDao' and 'com.hikvision.idatafusion.udps.flow.mapper.StorageDao' mapperInterface. Bean already defined with the same name!
2022-08-02 17:35:08.936 [main] WARN  org.mybatis.spring.mapper.ClassPathMapperScanner Line:166 - No MyBatis mapper was found in '[com.hikvision.idatafusion.udps]' package. Please check your configuration.
2022-08-02 17:35:12.742 [main] WARN  com.zaxxer.hikari.util.DriverDataSource Line:68  - Registered driver with driverClassName=com.mysql.jdbc.Driver was not found, trying direct instantiation.
2022-08-02 17:35:59.060 [http-nio-14337-exec-9] WARN  org.springframework.web.servlet.mvc.support.DefaultHandlerExceptionResolver Line:198 - Resolved [org.springframework.http.converter.HttpMessageNotReadableException: Required request body is missing: public java.util.List<com.hikvision.idatafusion.udps.flow.dto.InputUser> com.hikvision.idatafusion.udps.flow.controller.FlowController.computeCache(com.hikvision.idatafusion.udps.flow.dto.UserPageDTO)]
2022-08-02 17:38:18.169 [main] WARN  org.mybatis.spring.mapper.ClassPathMapperScanner Line:239 - Skipping MapperFactoryBean with name 'inputUserDao' and 'com.hikvision.idatafusion.udps.flow.mapper.InputUserDao' mapperInterface. Bean already defined with the same name!
2022-08-02 17:38:18.170 [main] WARN  org.mybatis.spring.mapper.ClassPathMapperScanner Line:239 - Skipping MapperFactoryBean with name 'storageDao' and 'com.hikvision.idatafusion.udps.flow.mapper.StorageDao' mapperInterface. Bean already defined with the same name!
2022-08-02 17:38:18.170 [main] WARN  org.mybatis.spring.mapper.ClassPathMapperScanner Line:166 - No MyBatis mapper was found in '[com.hikvision.idatafusion.udps]' package. Please check your configuration.
2022-08-02 17:38:21.825 [main] WARN  com.zaxxer.hikari.util.DriverDataSource Line:68  - Registered driver with driverClassName=com.mysql.jdbc.Driver was not found, trying direct instantiation.
2022-08-02 17:38:56.752 [http-nio-14337-exec-1] WARN  org.springframework.web.servlet.mvc.support.DefaultHandlerExceptionResolver Line:198 - Resolved [org.springframework.http.converter.HttpMessageNotReadableException: Required request body is missing: public java.util.List<com.hikvision.idatafusion.udps.flow.dto.InputUser> com.hikvision.idatafusion.udps.flow.controller.FlowController.computeCache(com.hikvision.idatafusion.udps.flow.dto.UserPageDTO)]
2022-08-02 17:41:31.574 [main] WARN  org.mybatis.spring.mapper.ClassPathMapperScanner Line:239 - Skipping MapperFactoryBean with name 'inputUserDao' and 'com.hikvision.idatafusion.udps.flow.mapper.InputUserDao' mapperInterface. Bean already defined with the same name!
2022-08-02 17:41:31.575 [main] WARN  org.mybatis.spring.mapper.ClassPathMapperScanner Line:239 - Skipping MapperFactoryBean with name 'storageDao' and 'com.hikvision.idatafusion.udps.flow.mapper.StorageDao' mapperInterface. Bean already defined with the same name!
2022-08-02 17:41:31.575 [main] WARN  org.mybatis.spring.mapper.ClassPathMapperScanner Line:166 - No MyBatis mapper was found in '[com.hikvision.idatafusion.udps]' package. Please check your configuration.
2022-08-02 17:41:35.191 [main] WARN  com.zaxxer.hikari.util.DriverDataSource Line:68  - Registered driver with driverClassName=com.mysql.jdbc.Driver was not found, trying direct instantiation.
2022-08-02 17:42:14.703 [http-nio-14337-exec-1] WARN  org.springframework.web.servlet.mvc.support.DefaultHandlerExceptionResolver Line:198 - Resolved [org.springframework.web.HttpRequestMethodNotSupportedException: Request method 'GET' not supported]
2022-08-02 17:43:14.394 [main] WARN  org.mybatis.spring.mapper.ClassPathMapperScanner Line:239 - Skipping MapperFactoryBean with name 'inputUserDao' and 'com.hikvision.idatafusion.udps.flow.mapper.InputUserDao' mapperInterface. Bean already defined with the same name!
2022-08-02 17:43:14.395 [main] WARN  org.mybatis.spring.mapper.ClassPathMapperScanner Line:239 - Skipping MapperFactoryBean with name 'storageDao' and 'com.hikvision.idatafusion.udps.flow.mapper.StorageDao' mapperInterface. Bean already defined with the same name!
2022-08-02 17:43:14.395 [main] WARN  org.mybatis.spring.mapper.ClassPathMapperScanner Line:166 - No MyBatis mapper was found in '[com.hikvision.idatafusion.udps]' package. Please check your configuration.
2022-08-02 17:43:18.553 [main] WARN  com.zaxxer.hikari.util.DriverDataSource Line:68  - Registered driver with driverClassName=com.mysql.jdbc.Driver was not found, trying direct instantiation.
2022-08-02 17:44:39.966 [main] WARN  org.mybatis.spring.mapper.ClassPathMapperScanner Line:239 - Skipping MapperFactoryBean with name 'inputUserDao' and 'com.hikvision.idatafusion.udps.flow.mapper.InputUserDao' mapperInterface. Bean already defined with the same name!
2022-08-02 17:44:39.967 [main] WARN  org.mybatis.spring.mapper.ClassPathMapperScanner Line:239 - Skipping MapperFactoryBean with name 'storageDao' and 'com.hikvision.idatafusion.udps.flow.mapper.StorageDao' mapperInterface. Bean already defined with the same name!
2022-08-02 17:44:39.967 [main] WARN  org.mybatis.spring.mapper.ClassPathMapperScanner Line:166 - No MyBatis mapper was found in '[com.hikvision.idatafusion.udps]' package. Please check your configuration.
2022-08-02 17:44:43.892 [main] WARN  com.zaxxer.hikari.util.DriverDataSource Line:68  - Registered driver with driverClassName=com.mysql.jdbc.Driver was not found, trying direct instantiation.
2022-08-02 17:48:29.514 [HikariPool-1 housekeeper] WARN  com.zaxxer.hikari.pool.HikariPool Line:766 - HikariPool-1 - Thread starvation or clock leap detected (housekeeper delta=1m13s24ms937µs).
2022-08-02 17:49:16.840 [main] WARN  org.mybatis.spring.mapper.ClassPathMapperScanner Line:239 - Skipping MapperFactoryBean with name 'inputUserDao' and 'com.hikvision.idatafusion.udps.flow.mapper.InputUserDao' mapperInterface. Bean already defined with the same name!
2022-08-02 17:49:16.841 [main] WARN  org.mybatis.spring.mapper.ClassPathMapperScanner Line:239 - Skipping MapperFactoryBean with name 'storageDao' and 'com.hikvision.idatafusion.udps.flow.mapper.StorageDao' mapperInterface. Bean already defined with the same name!
2022-08-02 17:49:16.842 [main] WARN  org.mybatis.spring.mapper.ClassPathMapperScanner Line:166 - No MyBatis mapper was found in '[com.hikvision.idatafusion.udps]' package. Please check your configuration.
2022-08-02 17:49:20.553 [main] WARN  com.zaxxer.hikari.util.DriverDataSource Line:68  - Registered driver with driverClassName=com.mysql.jdbc.Driver was not found, trying direct instantiation.
2022-08-02 17:55:17.824 [main] WARN  org.mybatis.spring.mapper.ClassPathMapperScanner Line:239 - Skipping MapperFactoryBean with name 'inputUserDao' and 'com.hikvision.idatafusion.udps.flow.mapper.InputUserDao' mapperInterface. Bean already defined with the same name!
2022-08-02 17:55:17.825 [main] WARN  org.mybatis.spring.mapper.ClassPathMapperScanner Line:239 - Skipping MapperFactoryBean with name 'storageDao' and 'com.hikvision.idatafusion.udps.flow.mapper.StorageDao' mapperInterface. Bean already defined with the same name!
2022-08-02 17:55:17.826 [main] WARN  org.mybatis.spring.mapper.ClassPathMapperScanner Line:166 - No MyBatis mapper was found in '[com.hikvision.idatafusion.udps]' package. Please check your configuration.
2022-08-02 17:55:21.550 [main] WARN  com.zaxxer.hikari.util.DriverDataSource Line:68  - Registered driver with driverClassName=com.mysql.jdbc.Driver was not found, trying direct instantiation.
2022-08-02 17:58:45.157 [main] WARN  org.mybatis.spring.mapper.ClassPathMapperScanner Line:239 - Skipping MapperFactoryBean with name 'inputUserDao' and 'com.hikvision.idatafusion.udps.flow.mapper.InputUserDao' mapperInterface. Bean already defined with the same name!
2022-08-02 17:58:45.158 [main] WARN  org.mybatis.spring.mapper.ClassPathMapperScanner Line:239 - Skipping MapperFactoryBean with name 'storageDao' and 'com.hikvision.idatafusion.udps.flow.mapper.StorageDao' mapperInterface. Bean already defined with the same name!
2022-08-02 17:58:45.158 [main] WARN  org.mybatis.spring.mapper.ClassPathMapperScanner Line:166 - No MyBatis mapper was found in '[com.hikvision.idatafusion.udps]' package. Please check your configuration.
2022-08-02 17:58:48.656 [main] WARN  com.zaxxer.hikari.util.DriverDataSource Line:68  - Registered driver with driverClassName=com.mysql.jdbc.Driver was not found, trying direct instantiation.
2022-08-02 17:59:47.970 [main] WARN  org.mybatis.spring.mapper.ClassPathMapperScanner Line:239 - Skipping MapperFactoryBean with name 'inputUserDao' and 'com.hikvision.idatafusion.udps.flow.mapper.InputUserDao' mapperInterface. Bean already defined with the same name!
2022-08-02 17:59:47.970 [main] WARN  org.mybatis.spring.mapper.ClassPathMapperScanner Line:239 - Skipping MapperFactoryBean with name 'storageDao' and 'com.hikvision.idatafusion.udps.flow.mapper.StorageDao' mapperInterface. Bean already defined with the same name!
2022-08-02 17:59:47.970 [main] WARN  org.mybatis.spring.mapper.ClassPathMapperScanner Line:166 - No MyBatis mapper was found in '[com.hikvision.idatafusion.udps]' package. Please check your configuration.
2022-08-02 17:59:51.612 [main] WARN  com.zaxxer.hikari.util.DriverDataSource Line:68  - Registered driver with driverClassName=com.mysql.jdbc.Driver was not found, trying direct instantiation.
2022-08-02 18:00:33.123 [main] WARN  org.mybatis.spring.mapper.ClassPathMapperScanner Line:239 - Skipping MapperFactoryBean with name 'inputUserDao' and 'com.hikvision.idatafusion.udps.flow.mapper.InputUserDao' mapperInterface. Bean already defined with the same name!
2022-08-02 18:00:33.124 [main] WARN  org.mybatis.spring.mapper.ClassPathMapperScanner Line:239 - Skipping MapperFactoryBean with name 'storageDao' and 'com.hikvision.idatafusion.udps.flow.mapper.StorageDao' mapperInterface. Bean already defined with the same name!
2022-08-02 18:00:33.124 [main] WARN  org.mybatis.spring.mapper.ClassPathMapperScanner Line:166 - No MyBatis mapper was found in '[com.hikvision.idatafusion.udps]' package. Please check your configuration.
2022-08-02 18:00:36.724 [main] WARN  com.zaxxer.hikari.util.DriverDataSource Line:68  - Registered driver with driverClassName=com.mysql.jdbc.Driver was not found, trying direct instantiation.
