2022-07-27 01:00:30.879 [HikariPool-1 housekeeper] WARN  com.zaxxer.hikari.pool.HikariPool Line:766 - HikariPool-1 - Thread starvation or clock leap detected (housekeeper delta=3h27s776ms33µs500ns).
2022-07-27 10:28:49.996 [HikariPool-1 housekeeper] WARN  com.zaxxer.hikari.pool.HikariPool Line:766 - HikariPool-1 - Thread starvation or clock leap detected (housekeeper delta=9h28m30s263ms286µs900ns).
2022-07-27 11:30:46.210 [HikariPool-1 housekeeper] WARN  com.zaxxer.hikari.pool.HikariPool Line:766 - HikariPool-1 - Thread starvation or clock leap detected (housekeeper delta=14m25s409ms99µs).
2022-07-27 15:09:14.901 [HikariPool-1 housekeeper] WARN  com.zaxxer.hikari.pool.HikariPool Line:766 - HikariPool-1 - Thread starvation or clock leap detected (housekeeper delta=3h28s165ms331µs).
2022-07-27 15:50:48.070 [HikariPool-1 housekeeper] WARN  com.zaxxer.hikari.pool.HikariPool Line:766 - HikariPool-1 - Thread starvation or clock leap detected (housekeeper delta=41m43s450ms195µs100ns).
2022-07-27 17:25:53.335 [main] WARN  org.mybatis.spring.mapper.ClassPathMapperScanner Line:239 - Skipping MapperFactoryBean with name 'inputUserDao' and 'com.hikvision.idatafusion.udps.flow.mapper.InputUserDao' mapperInterface. Bean already defined with the same name!
2022-07-27 17:25:53.336 [main] WARN  org.mybatis.spring.mapper.ClassPathMapperScanner Line:239 - Skipping MapperFactoryBean with name 'storageDao' and 'com.hikvision.idatafusion.udps.flow.mapper.StorageDao' mapperInterface. Bean already defined with the same name!
2022-07-27 17:25:53.336 [main] WARN  org.mybatis.spring.mapper.ClassPathMapperScanner Line:166 - No MyBatis mapper was found in '[com.hikvision.idatafusion.udps]' package. Please check your configuration.
2022-07-27 17:25:56.658 [main] WARN  com.zaxxer.hikari.util.DriverDataSource Line:68  - Registered driver with driverClassName=com.mysql.jdbc.Driver was not found, trying direct instantiation.
2022-07-27 17:27:05.789 [main] WARN  org.mybatis.spring.mapper.ClassPathMapperScanner Line:239 - Skipping MapperFactoryBean with name 'inputUserDao' and 'com.hikvision.idatafusion.udps.flow.mapper.InputUserDao' mapperInterface. Bean already defined with the same name!
2022-07-27 17:27:05.790 [main] WARN  org.mybatis.spring.mapper.ClassPathMapperScanner Line:239 - Skipping MapperFactoryBean with name 'storageDao' and 'com.hikvision.idatafusion.udps.flow.mapper.StorageDao' mapperInterface. Bean already defined with the same name!
2022-07-27 17:27:05.790 [main] WARN  org.mybatis.spring.mapper.ClassPathMapperScanner Line:166 - No MyBatis mapper was found in '[com.hikvision.idatafusion.udps]' package. Please check your configuration.
2022-07-27 17:27:08.891 [main] WARN  com.zaxxer.hikari.util.DriverDataSource Line:68  - Registered driver with driverClassName=com.mysql.jdbc.Driver was not found, trying direct instantiation.
2022-07-27 17:27:36.072 [main] WARN  org.mybatis.spring.mapper.ClassPathMapperScanner Line:239 - Skipping MapperFactoryBean with name 'inputUserDao' and 'com.hikvision.idatafusion.udps.flow.mapper.InputUserDao' mapperInterface. Bean already defined with the same name!
2022-07-27 17:27:36.072 [main] WARN  org.mybatis.spring.mapper.ClassPathMapperScanner Line:239 - Skipping MapperFactoryBean with name 'storageDao' and 'com.hikvision.idatafusion.udps.flow.mapper.StorageDao' mapperInterface. Bean already defined with the same name!
2022-07-27 17:27:36.072 [main] WARN  org.mybatis.spring.mapper.ClassPathMapperScanner Line:166 - No MyBatis mapper was found in '[com.hikvision.idatafusion.udps]' package. Please check your configuration.
2022-07-27 17:27:39.365 [main] WARN  com.zaxxer.hikari.util.DriverDataSource Line:68  - Registered driver with driverClassName=com.mysql.jdbc.Driver was not found, trying direct instantiation.
2022-07-27 17:47:24.733 [main] WARN  org.mybatis.spring.mapper.ClassPathMapperScanner Line:239 - Skipping MapperFactoryBean with name 'inputUserDao' and 'com.hikvision.idatafusion.udps.flow.mapper.InputUserDao' mapperInterface. Bean already defined with the same name!
2022-07-27 17:47:24.734 [main] WARN  org.mybatis.spring.mapper.ClassPathMapperScanner Line:239 - Skipping MapperFactoryBean with name 'storageDao' and 'com.hikvision.idatafusion.udps.flow.mapper.StorageDao' mapperInterface. Bean already defined with the same name!
2022-07-27 17:47:24.734 [main] WARN  org.mybatis.spring.mapper.ClassPathMapperScanner Line:166 - No MyBatis mapper was found in '[com.hikvision.idatafusion.udps]' package. Please check your configuration.
2022-07-27 17:47:27.779 [main] WARN  com.zaxxer.hikari.util.DriverDataSource Line:68  - Registered driver with driverClassName=com.mysql.jdbc.Driver was not found, trying direct instantiation.
2022-07-27 17:50:53.793 [main] WARN  org.mybatis.spring.mapper.ClassPathMapperScanner Line:239 - Skipping MapperFactoryBean with name 'inputUserDao' and 'com.hikvision.idatafusion.udps.flow.mapper.InputUserDao' mapperInterface. Bean already defined with the same name!
2022-07-27 17:50:53.794 [main] WARN  org.mybatis.spring.mapper.ClassPathMapperScanner Line:239 - Skipping MapperFactoryBean with name 'storageDao' and 'com.hikvision.idatafusion.udps.flow.mapper.StorageDao' mapperInterface. Bean already defined with the same name!
2022-07-27 17:50:53.794 [main] WARN  org.mybatis.spring.mapper.ClassPathMapperScanner Line:166 - No MyBatis mapper was found in '[com.hikvision.idatafusion.udps]' package. Please check your configuration.
2022-07-27 17:50:56.811 [main] WARN  com.zaxxer.hikari.util.DriverDataSource Line:68  - Registered driver with driverClassName=com.mysql.jdbc.Driver was not found, trying direct instantiation.
