2022-08-26 10:22:24.756 [main] ERROR org.springframework.boot.SpringApplication Line:821 - Application run failed
org.springframework.beans.factory.BeanCreationException: Error creating bean with name 'getTrigger2' defined in class path resource [com/hikvision/idatafusion/udps/quartz/CronScheduler.class]: Bean instantiation via factory method failed; nested exception is org.springframework.beans.BeanInstantiationException: Failed to instantiate [org.quartz.CronTrigger]: Factory method 'getTrigger2' threw exception; nested exception is java.lang.RuntimeException: CronExpression '* * 0/50 * * ?' is invalid.
	at org.springframework.beans.factory.support.ConstructorResolver.instantiate(ConstructorResolver.java:627)
	at org.springframework.beans.factory.support.ConstructorResolver.instantiateUsingFactoryMethod(ConstructorResolver.java:456)
	at org.springframework.beans.factory.support.AbstractAutowireCapableBeanFactory.instantiateUsingFactoryMethod(AbstractAutowireCapableBeanFactory.java:1321)
	at org.springframework.beans.factory.support.AbstractAutowireCapableBeanFactory.createBeanInstance(AbstractAutowireCapableBeanFactory.java:1160)
	at org.springframework.beans.factory.support.AbstractAutowireCapableBeanFactory.doCreateBean(AbstractAutowireCapableBeanFactory.java:555)
	at org.springframework.beans.factory.support.AbstractAutowireCapableBeanFactory.createBean(AbstractAutowireCapableBeanFactory.java:515)
	at org.springframework.beans.factory.support.AbstractBeanFactory.lambda$doGetBean$0(AbstractBeanFactory.java:320)
	at org.springframework.beans.factory.support.DefaultSingletonBeanRegistry.getSingleton(DefaultSingletonBeanRegistry.java:222)
	at org.springframework.beans.factory.support.AbstractBeanFactory.doGetBean(AbstractBeanFactory.java:318)
	at org.springframework.beans.factory.support.AbstractBeanFactory.getBean(AbstractBeanFactory.java:199)
	at org.springframework.beans.factory.support.DefaultListableBeanFactory.preInstantiateSingletons(DefaultListableBeanFactory.java:845)
	at org.springframework.context.support.AbstractApplicationContext.finishBeanFactoryInitialization(AbstractApplicationContext.java:877)
	at org.springframework.context.support.AbstractApplicationContext.refresh(AbstractApplicationContext.java:549)
	at org.springframework.boot.web.servlet.context.ServletWebServerApplicationContext.refresh(ServletWebServerApplicationContext.java:140)
	at org.springframework.boot.SpringApplication.refresh(SpringApplication.java:742)
	at org.springframework.boot.SpringApplication.refreshContext(SpringApplication.java:389)
	at org.springframework.boot.SpringApplication.run(SpringApplication.java:311)
	at org.springframework.boot.SpringApplication.run(SpringApplication.java:1213)
	at org.springframework.boot.SpringApplication.run(SpringApplication.java:1202)
	at com.hikvision.idatafusion.udps.UdpsApplication.main(UdpsApplication.java:11)
Caused by: org.springframework.beans.BeanInstantiationException: Failed to instantiate [org.quartz.CronTrigger]: Factory method 'getTrigger2' threw exception; nested exception is java.lang.RuntimeException: CronExpression '* * 0/50 * * ?' is invalid.
	at org.springframework.beans.factory.support.SimpleInstantiationStrategy.instantiate(SimpleInstantiationStrategy.java:185)
	at org.springframework.beans.factory.support.ConstructorResolver.instantiate(ConstructorResolver.java:622)
	... 19 common frames omitted
Caused by: java.lang.RuntimeException: CronExpression '* * 0/50 * * ?' is invalid.
	at org.quartz.CronScheduleBuilder.cronSchedule(CronScheduleBuilder.java:111)
	at com.hikvision.idatafusion.udps.quartz.CronScheduler.getTrigger2(CronScheduler.java:27)
	at com.hikvision.idatafusion.udps.quartz.CronScheduler$$EnhancerBySpringCGLIB$$4342ee90.CGLIB$getTrigger2$0(<generated>)
	at com.hikvision.idatafusion.udps.quartz.CronScheduler$$EnhancerBySpringCGLIB$$4342ee90$$FastClassBySpringCGLIB$$87556b77.invoke(<generated>)
	at org.springframework.cglib.proxy.MethodProxy.invokeSuper(MethodProxy.java:244)
	at org.springframework.context.annotation.ConfigurationClassEnhancer$BeanMethodInterceptor.intercept(ConfigurationClassEnhancer.java:363)
	at com.hikvision.idatafusion.udps.quartz.CronScheduler$$EnhancerBySpringCGLIB$$4342ee90.getTrigger2(<generated>)
	at sun.reflect.NativeMethodAccessorImpl.invoke0(Native Method)
	at sun.reflect.NativeMethodAccessorImpl.invoke(NativeMethodAccessorImpl.java:62)
	at sun.reflect.DelegatingMethodAccessorImpl.invoke(DelegatingMethodAccessorImpl.java:43)
	at java.lang.reflect.Method.invoke(Method.java:498)
	at org.springframework.beans.factory.support.SimpleInstantiationStrategy.instantiate(SimpleInstantiationStrategy.java:154)
	... 20 common frames omitted
Caused by: java.text.ParseException: Increment > 24 : 50
	at org.quartz.CronExpression.checkIncrementRange(CronExpression.java:707)
	at org.quartz.CronExpression.checkNext(CronExpression.java:840)
	at org.quartz.CronExpression.storeExpressionVals(CronExpression.java:693)
	at org.quartz.CronExpression.buildExpression(CronExpression.java:487)
	at org.quartz.CronExpression.<init>(CronExpression.java:276)
	at org.quartz.CronScheduleBuilder.cronSchedule(CronScheduleBuilder.java:107)
	... 31 common frames omitted
